2019-06-25T01:14:09.776Z POST /mock/about 200 {"pageNum":"1","pageSize":"10"} 24.281 ms
2019-06-25T01:14:17.152Z GET /mock/userInfo 304 {} 0.802 ms
2019-06-25T01:15:55.051Z POST /mock/about 200 {"pageNum":"5","pageSize":"10"} 0.826 ms
2019-06-25T01:26:43.205Z POST /mock/about 200 {"pageNum":"1","pageSize":"10"} 23.345 ms
2019-06-25T01:26:45.486Z GET /mock/userInfo 304 {} 0.873 ms
2019-06-25T01:27:52.479Z POST /mock/about 200 {"pageNum":"1","pageSize":"10"} 17.764 ms
2019-06-25T01:28:13.789Z POST /mock/about 200 {"pageNum":"1","pageSize":"10"} 16.868 ms
2019-06-25T01:29:13.784Z POST /mock/about 200 {"pageNum":"1","pageSize":"10"} 19.038 ms
2019-06-25T01:29:17.570Z GET /mock/userInfo 304 {} 0.946 ms
2019-06-25T01:30:34.614Z POST /mock/about 200 {"pageNum":"1","pageSize":"10"} 1.142 ms
2019-06-25T01:30:38.130Z GET /mock/userInfo 304 {} 0.520 ms
2019-06-25T01:31:01.423Z POST /mock/about 200 {"pageNum":"1","pageSize":"10"} 0.437 ms
2019-06-25T01:31:03.478Z GET /mock/userInfo 304 {} 0.247 ms
2019-06-25T01:31:12.575Z POST /mock/create 200 {"content":"999"} 42.898 ms
2019-06-25T01:31:14.115Z POST /mock/create 200 {"content":"999"} 3.749 ms
2019-06-25T01:31:43.389Z POST /mock/about 200 {"pageNum":"1","pageSize":"10"} 0.443 ms
2019-06-25T01:31:45.065Z GET /mock/userInfo 304 {} 0.202 ms
2019-06-25T01:31:58.106Z POST /mock/about 200 {"pageNum":"1","pageSize":"10","phone":"","email":""} 0.380 ms
2019-06-25T01:40:02.367Z POST /mock/about 200 {"pageNum":"1","pageSize":"10"} 0.613 ms
2019-06-25T01:40:23.726Z POST /mock/about 200 {"pageNum":"1","pageSize":"10"} 0.406 ms
2019-06-25T01:40:44.931Z POST /mock/about 200 {"pageNum":"1","pageSize":"10"} 0.394 ms
2019-06-25T01:41:53.337Z POST /mock/about 200 {"pageNum":"1","pageSize":"10"} 0.397 ms
2019-06-25T01:41:55.633Z GET /mock/userInfo 304 {} 0.177 ms
2019-06-25T01:44:02.779Z POST /mock/about 200 {"pageNum":"1","pageSize":"10"} 0.445 ms
2019-06-25T01:44:25.027Z POST /mock/about 200 {"pageNum":"1","pageSize":"10"} 0.450 ms
2019-06-25T01:46:29.671Z POST /mock/about 200 {"pageNum":"1","pageSize":"10"} 0.439 ms
2019-06-25T01:46:32.015Z POST /mock/about 200 {"pageNum":"1","pageSize":"10"} 0.442 ms
2019-06-25T01:46:33.012Z GET /mock/userInfo 304 {} 0.195 ms
2019-06-25T01:48:21.549Z POST /mock/about 200 {"pageNum":"1","pageSize":"10"} 0.448 ms
2019-06-25T01:49:21.392Z POST /mock/about 200 {"pageNum":"1","pageSize":"10"} 0.386 ms
2019-06-25T01:52:53.730Z POST /mock/about 200 {"pageNum":"1","pageSize":"10"} 0.443 ms
2019-06-25T01:52:56.577Z POST /mock/about 200 {"pageNum":"1","pageSize":"10"} 0.395 ms
2019-06-25T01:52:58.845Z GET /mock/userInfo 304 {} 0.223 ms
2019-06-25T01:56:03.050Z POST /mock/about 200 {"pageNum":"1","pageSize":"10"} 0.565 ms
2019-06-25T01:58:07.256Z POST /mock/about 200 {"pageNum":"1","pageSize":"10"} 0.804 ms
2019-06-25T02:00:43.376Z POST /mock/about 200 {"pageNum":"1","pageSize":"10"} 0.304 ms
2019-06-25T02:00:45.427Z GET /mock/userInfo 304 {} 0.188 ms
2019-06-25T02:00:57.988Z POST /mock/about 200 {"pageNum":"1","pageSize":"10"} 0.307 ms
2019-06-25T02:00:59.662Z GET /mock/userInfo 304 {} 0.220 ms
2019-06-25T02:05:42.233Z POST /mock/about 200 {"pageNum":"1","pageSize":"10"} 0.466 ms
2019-06-25T02:05:44.777Z GET /mock/userInfo 304 {} 0.487 ms
2019-06-25T02:06:10.367Z POST /mock/about 200 {"pageNum":"1","pageSize":"10"} 0.393 ms
2019-06-25T02:06:11.274Z GET /mock/userInfo 304 {} 0.219 ms
2019-06-25T02:07:27.648Z POST /mock/about 200 {"pageNum":"1","pageSize":"10"} 0.448 ms
2019-06-25T02:09:32.895Z POST /mock/about 200 {"pageNum":"1","pageSize":"10"} 0.376 ms
2019-06-25T02:09:41.445Z POST /mock/about 200 {"pageNum":"1","pageSize":"10"} 0.382 ms
2019-06-25T02:09:45.587Z GET /mock/userInfo 304 {} 0.306 ms
2019-06-25T02:09:58.958Z POST /mock/about 200 {"pageNum":"1","pageSize":"10"} 0.398 ms
2019-06-25T02:10:01.802Z POST /mock/about 200 {"pageNum":"1","pageSize":"10"} 0.386 ms
2019-06-25T02:10:36.085Z POST /mock/about 200 {"pageNum":"1","pageSize":"10"} 0.401 ms
2019-06-25T02:10:38.850Z GET /mock/userInfo 304 {} 0.264 ms
2019-06-25T02:11:55.744Z POST /mock/about 200 {"pageNum":"1","pageSize":"10"} 0.339 ms
2019-06-25T02:12:15.338Z POST /mock/about 200 {"pageNum":"1","pageSize":"10"} 0.398 ms
2019-06-25T02:13:26.889Z POST /mock/about 200 {"pageNum":"1","pageSize":"10"} 0.440 ms
2019-06-25T02:13:36.704Z POST /mock/about 200 {"pageNum":"1","pageSize":"10"} 0.398 ms
2019-06-25T02:13:53.169Z POST /mock/about 200 {"pageNum":"1","pageSize":"10"} 0.395 ms
2019-06-25T02:15:42.323Z POST /mock/about 200 {"pageNum":"1","pageSize":"10"} 0.389 ms
2019-06-25T02:16:05.029Z POST /mock/about 200 {"pageNum":"1","pageSize":"10"} 0.332 ms
2019-06-25T02:16:32.967Z POST /mock/about 200 {"pageNum":"1","pageSize":"10"} 0.422 ms
2019-06-25T02:16:58.976Z POST /mock/about 200 {"pageNum":"1","pageSize":"10"} 1.278 ms
2019-06-25T02:17:00.549Z GET /mock/userInfo 304 {} 0.308 ms
2019-06-25T02:17:07.357Z POST /mock/about 200 {"pageNum":"1","pageSize":"10"} 0.395 ms
2019-06-25T02:17:08.115Z GET /mock/userInfo 304 {} 0.310 ms
2019-06-25T02:18:28.151Z POST /mock/about 200 {"pageNum":"1","pageSize":"10"} 0.387 ms
2019-06-25T02:18:29.961Z GET /mock/userInfo 304 {} 0.292 ms
2019-06-25T02:19:02.013Z POST /mock/about 200 {"pageNum":"1","pageSize":"10"} 16.278 ms
2019-06-25T02:19:02.786Z GET /mock/userInfo 200 {} 0.545 ms
2019-06-25T02:19:59.792Z POST /mock/about 200 {"pageNum":"1","pageSize":"10"} 0.968 ms
2019-06-25T02:20:03.715Z GET /mock/userInfo 304 {} 0.601 ms
2019-06-25T02:20:39.397Z POST /mock/about 200 {"pageNum":"1","pageSize":"10"} 0.758 ms
2019-06-25T02:20:41.888Z GET /mock/userInfo 304 {} 0.213 ms
2019-06-25T02:20:41.890Z GET /mock/userInfo 304 {} 0.252 ms
2019-06-25T02:21:09.103Z POST /mock/about 200 {"pageNum":"1","pageSize":"10"} 0.438 ms
2019-06-25T02:24:21.871Z GET /mock/userInfo 304 {} 0.221 ms
2019-06-25T02:24:21.874Z GET /mock/userInfo 304 {} 0.243 ms
2019-06-25T02:25:19.907Z POST /mock/about 200 {"pageNum":"1","pageSize":"10"} 24.056 ms
2019-06-25T02:25:20.551Z GET /mock/userInfo 200 {} 0.908 ms
2019-06-25T02:25:20.560Z GET /mock/userInfo 304 {} 0.779 ms
2019-06-25T02:25:47.593Z POST /mock/about 200 {"pageNum":"1","pageSize":"10"} 23.750 ms
2019-06-25T02:25:48.292Z GET /mock/userInfo 200 {} 0.949 ms
2019-06-25T02:25:48.301Z GET /mock/userInfo 304 {} 0.567 ms
2019-06-25T02:25:56.064Z POST /mock/about 200 {"pageNum":"1","pageSize":"10"} 0.968 ms
2019-06-25T02:25:57.035Z GET /mock/userInfo 304 {} 0.410 ms
2019-06-25T02:25:57.038Z GET /mock/userInfo 304 {} 0.223 ms
2019-06-25T02:26:02.345Z POST /mock/about 200 {"pageNum":"1","pageSize":"10"} 0.882 ms
2019-06-25T02:26:02.956Z GET /mock/userInfo 304 {} 0.207 ms
2019-06-25T02:26:02.958Z GET /mock/userInfo 304 {} 0.231 ms
2019-06-25T02:26:14.472Z POST /mock/about 200 {"pageNum":"1","pageSize":"10"} 16.616 ms
2019-06-25T02:26:15.353Z GET /mock/userInfo 200 {} 0.794 ms
2019-06-25T02:26:15.362Z GET /mock/userInfo 304 {} 0.602 ms
2019-06-25T02:33:28.207Z POST /mock/about 200 {"pageNum":"1","pageSize":"10"} 1.960 ms
2019-06-25T02:33:29.996Z GET /mock/userInfo 304 {} 0.499 ms
2019-06-25T02:33:29.998Z GET /mock/userInfo 304 {} 0.371 ms
2019-06-25T02:34:22.850Z POST /mock/about 200 {"pageNum":"1","pageSize":"10"} 0.938 ms
2019-06-25T02:34:24.262Z GET /mock/userInfo 304 {} 0.280 ms
2019-06-25T02:34:24.264Z GET /mock/userInfo 304 {} 0.257 ms
2019-06-25T02:35:26.491Z POST /mock/about 200 {"pageNum":"1","pageSize":"10"} 0.467 ms
2019-06-25T02:35:27.592Z GET /mock/userInfo 304 {} 0.301 ms
2019-06-25T02:35:27.594Z GET /mock/userInfo 304 {} 0.314 ms
2019-06-25T03:17:20.404Z POST /mock/about 200 {"pageNum":"1","pageSize":"10"} 23.479 ms
2019-06-25T03:19:10.414Z POST /mock/about 200 {"pageNum":"1","pageSize":"10"} 0.879 ms
2019-06-25T03:19:14.526Z POST /mock/about 200 {"pageNum":"1","pageSize":"10"} 0.613 ms
2019-06-25T03:19:18.082Z POST /mock/about 200 {"pageNum":"1","pageSize":"10"} 0.313 ms
2019-06-25T03:19:23.167Z POST /mock/about 200 {"pageNum":"1","pageSize":"10"} 0.392 ms
2019-06-25T03:24:49.638Z POST /mock/about 200 {"pageNum":"1","pageSize":"10"} 25.490 ms
2019-06-25T03:25:09.896Z POST /mock/about 200 {"pageNum":"1","pageSize":"10"} 1.200 ms
2019-06-25T03:26:17.297Z POST /mock/about 200 {"pageNum":"1","pageSize":"10"} 0.446 ms
2019-06-25T03:26:24.613Z POST /mock/about 200 {"pageNum":"1","pageSize":"10"} 0.456 ms
2019-06-25T03:35:21.874Z GET /mock/captcha 200 {} 75.025 ms
2019-06-25T03:35:22.143Z GET /favicon.ico 404 {} 1.721 ms
2019-06-25T03:35:24.079Z GET /mock/captcha 200 {} 4.937 ms
2019-06-25T03:35:24.782Z GET /mock/captcha 200 {} 6.021 ms
2019-06-25T03:35:25.511Z GET /mock/captcha 200 {} 19.121 ms
2019-06-25T03:35:26.059Z GET /mock/captcha 200 {} 33.809 ms
2019-06-25T03:35:26.265Z GET /mock/captcha 200 {} 6.806 ms
2019-06-25T03:35:26.501Z GET /mock/captcha 200 {} 5.156 ms
2019-06-25T03:35:30.456Z GET /mock/captcha 200 {} 50.532 ms
2019-06-25T03:35:30.968Z GET /mock/captcha 200 {} 39.710 ms
2019-06-25T05:06:20.579Z POST /mock/about 200 {"pageNum":"1","pageSize":"10"} 23.405 ms
2019-06-25T05:37:37.854Z POST /mock/about 200 {"pageNum":"1","pageSize":"10"} 1.709 ms
2019-06-25T07:18:21.731Z POST /mock/about 200 {"pageNum":"1","pageSize":"10"} 2.092 ms
2019-06-25T07:19:58.221Z POST /mock/about 200 {"pageNum":"1","pageSize":"10"} 21.838 ms
2019-06-25T07:30:28.422Z POST /mock/about 200 {"pageNum":"1","pageSize":"10"} 17.818 ms
