2019-06-21T02:41:27.819Z POST /mock/about 200 {"pageNum":"1","pageSize":"10"} 20.069 ms
2019-06-21T03:05:00.553Z POST /mock/about 200 {"pageNum":"1","pageSize":"10"} 1.908 ms
2019-06-21T03:05:02.616Z POST /mock/about 200 {"pageNum":"1","pageSize":"10"} 0.543 ms
2019-06-21T03:05:04.683Z POST /mock/about 200 {"pageNum":"1","pageSize":"10"} 0.433 ms
2019-06-21T03:12:50.842Z POST /mock/about 200 {"pageNum":"1","pageSize":"10"} 0.423 ms
2019-06-21T03:15:17.140Z POST /mock/about 200 {"pageNum":"1","pageSize":"10"} 0.434 ms
2019-06-21T03:15:42.179Z POST /mock/update 200 {"phone":"13111111111","email":"dqynsggmtw@q.com","id":"2"} 0.701 ms
2019-06-21T03:15:42.239Z POST /mock/about 200 {"pageNum":"1","pageSize":"10"} 0.295 ms
2019-06-21T03:16:02.004Z POST /mock/about 200 {"pageNum":"10","pageSize":"10"} 2.558 ms
2019-06-21T05:34:27.997Z POST /mock/about 200 {"pageNum":"1","pageSize":"10"} 0.449 ms
2019-06-21T05:36:47.770Z POST /mock/about 200 {"pageNum":"1","pageSize":"10"} 0.391 ms
2019-06-21T05:36:49.570Z POST /mock/about 200 {"pageNum":"1","pageSize":"10"} 0.410 ms
2019-06-21T05:37:09.183Z POST /mock/update 200 {"phone":"18712812931","email":"ass@c.vom"} 0.512 ms
2019-06-21T05:37:09.226Z POST /mock/about 200 {"pageNum":"1","pageSize":"10"} 0.304 ms
2019-06-21T05:37:20.309Z POST /mock/update 200 {"phone":"18712311312","email":"ass@c.vom"} 1.538 ms
2019-06-21T05:37:20.345Z POST /mock/about 200 {"pageNum":"1","pageSize":"10"} 0.299 ms
2019-06-21T05:37:30.395Z POST /mock/about 200 {"pageNum":"1","pageSize":"10","phone":"18712311312","email":""} 0.432 ms
2019-06-21T05:37:32.120Z POST /mock/about 200 {"pageNum":"1","pageSize":"10","phone":"","email":""} 0.351 ms
2019-06-21T06:31:31.183Z POST /mock/about 200 {"pageNum":"1","pageSize":"10"} 27.175 ms
2019-06-21T06:32:04.064Z POST /mock/update 200 {"phone":"18727313421","email":"qw@qq.com"} 1.502 ms
2019-06-21T06:32:04.114Z POST /mock/about 200 {"pageNum":"1","pageSize":"10"} 0.406 ms
2019-06-21T06:32:08.247Z POST /mock/about 200 {"pageNum":"1","pageSize":"10"} 0.317 ms
2019-06-21T06:32:58.892Z POST /mock/about 200 {"pageNum":"1","pageSize":"10"} 0.528 ms
2019-06-21T06:33:14.571Z POST /mock/about 200 {"pageNum":"1","pageSize":"10"} 0.303 ms
2019-06-21T06:33:47.670Z POST /mock/about 200 {"pageNum":"1","pageSize":"10"} 0.502 ms
2019-06-21T06:33:59.580Z POST /mock/about 200 {"pageNum":"1","pageSize":"10"} 0.412 ms
2019-06-21T06:36:55.333Z POST /mock/about 200 {"pageNum":"1","pageSize":"10"} 0.404 ms
2019-06-21T06:37:04.469Z POST /mock/create 302 {"content":"999"} 102.119 ms
2019-06-21T06:37:12.191Z POST /mock/create 302 {"content":"999"} 5.227 ms
2019-06-21T06:37:35.032Z POST /mock/about 200 {"pageNum":"1","pageSize":"10","phone":"","email":""} 0.527 ms
2019-06-21T06:43:17.831Z POST /mock/about 200 {"pageNum":"1","pageSize":"10"} 0.445 ms
2019-06-21T06:43:22.913Z POST /mock/create 302 {"content":"999"} 2.598 ms
2019-06-21T06:43:56.127Z POST /mock/about 200 {"pageNum":"1","pageSize":"10"} 0.526 ms
2019-06-21T06:43:57.348Z POST /mock/create 302 {"content":"999"} 3.027 ms
2019-06-21T06:45:33.493Z POST /mock/about 200 {"pageNum":"1","pageSize":"10"} 22.210 ms
2019-06-21T06:45:34.715Z POST /mock/create 200 {"content":"999"} 28.629 ms
2019-06-21T06:50:39.732Z POST /mock/about 200 {"pageNum":"1","pageSize":"10"} 27.302 ms
2019-06-21T06:50:43.578Z POST /mock/create 200 {"content":"999"} 29.807 ms
2019-06-21T06:50:53.299Z GET /mock/search 200 {} 24.332 ms
2019-06-21T06:53:56.321Z POST /mock/about 200 {"pageNum":"1","pageSize":"10"} 0.543 ms
2019-06-21T07:00:32.498Z GET / 404 {} 1.656 ms
2019-06-21T07:04:48.994Z GET / 404 {} 3.844 ms
2019-06-21T07:04:51.982Z GET / 404 {} 0.420 ms
2019-06-21T07:05:12.464Z GET / 404 {} 0.424 ms
2019-06-21T07:05:14.731Z GET / 404 {} 0.269 ms
2019-06-21T07:20:09.683Z GET / 404 {} 4.341 ms
2019-06-21T07:20:23.548Z GET / 404 {} 0.333 ms
2019-06-21T07:22:46.135Z GET / 404 {} 4.889 ms
2019-06-21T07:22:49.046Z GET / 404 {} 0.482 ms
2019-06-21T07:24:14.172Z POST /mock/about 200 {"pageNum":"1","pageSize":"10"} 18.636 ms
2019-06-21T07:24:18.940Z POST /mock/create 200 {"content":"999"} 33.473 ms
2019-06-21T07:31:35.788Z POST /mock/create 200 {"content":"999"} 5.849 ms
2019-06-21T07:31:36.375Z POST /mock/create 200 {"content":"999"} 5.590 ms
2019-06-21T07:31:36.633Z POST /mock/create 200 {"content":"999"} 3.767 ms
2019-06-21T07:31:36.832Z POST /mock/create 200 {"content":"999"} 3.684 ms
2019-06-21T07:31:37.016Z POST /mock/create 200 {"content":"999"} 4.412 ms
2019-06-21T07:31:39.939Z GET /mock/search 200 {} 18.966 ms
2019-06-21T07:33:59.756Z POST /mock/about 200 {"pageNum":"1","pageSize":"10"} 21.440 ms
2019-06-21T07:34:02.446Z POST /mock/create 200 {"content":"999"} 82.353 ms
2019-06-21T07:34:04.331Z POST /mock/create 200 {"content":"999"} 4.189 ms
2019-06-21T07:34:04.916Z POST /mock/create 200 {"content":"999"} 3.444 ms
2019-06-21T07:34:05.388Z POST /mock/create 200 {"content":"999"} 4.053 ms
2019-06-21T07:38:32.239Z GET /mock/search 200 {} 15.649 ms
2019-06-21T08:41:07.785Z POST /mock/about 200 {"pageNum":"1","pageSize":"10"} 0.733 ms
2019-06-21T08:43:10.248Z POST /mock/about 200 {"pageNum":"1","pageSize":"10"} 0.404 ms
2019-06-21T08:43:12.556Z POST /mock/about 200 {"pageNum":"1","pageSize":"10"} 0.423 ms
2019-06-21T08:43:14.308Z POST /mock/about 200 {"pageNum":"1","pageSize":"10"} 0.379 ms
2019-06-21T08:43:18.533Z POST /mock/about 200 {"pageNum":"1","pageSize":"10"} 0.424 ms
2019-06-21T08:43:20.114Z POST /mock/about 200 {"pageNum":"1","pageSize":"10"} 0.384 ms
